# JRE version: OpenJDK Runtime Environment (11.0.8+10) (build 11.0.8+10-b944.6842174)
# Java VM: OpenJDK 64-Bit Server VM (11.0.8+10-b944.6842174, mixed mode, tiered, compressed oops, g1 gc, windows-amd64)
Heap:
 garbage-first heap   total 448512K, used 212794K [0x0000000080000000, 0x0000000100000000)
  region size 1024K, 1 young (1024K), 1 survivors (1024K)
 Metaspace       used 119501K, capacity 122520K, committed 122700K, reserved 1157120K
  class space    used 14550K, capacity 15658K, committed 15692K, reserved 1048576K
GC Heap History (20 events):
Event: 1817.670 GC heap after
{Heap after GC invocations=92 (full 0):
 garbage-first heap   total 281600K, used 206336K [0x0000000080000000, 0x0000000100000000)
  region size 1024K, 5 young (5120K), 5 survivors (5120K)
 Metaspace       used 119466K, capacity 122515K, committed 122700K, reserved 1157120K
  class space    used 14549K, capacity 15657K, committed 15692K, reserved 1048576K
}
Event: 1818.136 GC heap before
{Heap before GC invocations=92 (full 0):
 garbage-first heap   total 281600K, used 222720K [0x0000000080000000, 0x0000000100000000)
  region size 1024K, 13 young (13312K), 5 survivors (5120K)
 Metaspace       used 119466K, capacity 122515K, committed 122700K, reserved 1157120K
  class space    used 14549K, capacity 15657K, committed 15692K, reserved 1048576K
}
Event: 1818.195 GC heap after
{Heap after GC invocations=93 (full 0):
 garbage-first heap   total 281600K, used 211451K [0x0000000080000000, 0x0000000100000000)
  region size 1024K, 2 young (2048K), 2 survivors (2048K)
 Metaspace       used 119466K, capacity 122515K, committed 122700K, reserved 1157120K
  class space    used 14549K, capacity 15657K, committed 15692K, reserved 1048576K
}
Event: 1818.264 GC heap before
{Heap before GC invocations=93 (full 0):
 garbage-first heap   total 281600K, used 222715K [0x0000000080000000, 0x0000000100000000)
  region size 1024K, 15 young (15360K), 2 survivors (2048K)
 Metaspace       used 119466K, capacity 122515K, committed 122700K, reserved 1157120K
  class space    used 14549K, capacity 15657K, committed 15692K, reserved 1048576K
}
Event: 1818.271 GC heap after
{Heap after GC invocations=94 (full 0):
 garbage-first heap   total 281600K, used 212992K [0x0000000080000000, 0x0000000100000000)
  region size 1024K, 3 young (3072K), 3 survivors (3072K)
 Metaspace       used 119466K, capacity 122515K, committed 122700K, reserved 1157120K
  class space    used 14549K, capacity 15657K, committed 15692K, reserved 1048576K
}
Event: 1818.796 GC heap before
{Heap before GC invocations=94 (full 0):
 garbage-first heap   total 281600K, used 239616K [0x0000000080000000, 0x0000000100000000)
  region size 1024K, 23 young (23552K), 3 survivors (3072K)
 Metaspace       used 119466K, capacity 122515K, committed 122700K, reserved 1157120K
  class space    used 14549K, capacity 15657K, committed 15692K, reserved 1048576K
}
Event: 1818.804 GC heap after
{Heap after GC invocations=95 (full 0):
 garbage-first heap   total 281600K, used 220911K [0x0000000080000000, 0x0000000100000000)
  region size 1024K, 3 young (3072K), 3 survivors (3072K)
 Metaspace       used 119466K, capacity 122515K, committed 122700K, reserved 1157120K
  class space    used 14549K, capacity 15657K, committed 15692K, reserved 1048576K
}
Event: 1818.857 GC heap before
{Heap before GC invocations=95 (full 0):
 garbage-first heap   total 281600K, used 237295K [0x0000000080000000, 0x0000000100000000)
  region size 1024K, 20 young (20480K), 3 survivors (3072K)
 Metaspace       used 119466K, capacity 122515K, committed 122700K, reserved 1157120K
  class space    used 14549K, capacity 15657K, committed 15692K, reserved 1048576K
}
Event: 1818.872 GC heap after
{Heap after GC invocations=96 (full 0):
 garbage-first heap   total 281600K, used 224316K [0x0000000080000000, 0x0000000100000000)
  region size 1024K, 3 young (3072K), 3 survivors (3072K)
 Metaspace       used 119466K, capacity 122515K, committed 122700K, reserved 1157120K
  class space    used 14549K, capacity 15657K, committed 15692K, reserved 1048576K
}
Event: 1818.949 GC heap before
{Heap before GC invocations=96 (full 0):
 garbage-first heap   total 281600K, used 240700K [0x0000000080000000, 0x0000000100000000)
  region size 1024K, 18 young (18432K), 3 survivors (3072K)
 Metaspace       used 119466K, capacity 122515K, committed 122700K, reserved 1157120K
  class space    used 14549K, capacity 15657K, committed 15692K, reserved 1048576K
}
Event: 1818.963 GC heap after
{Heap after GC invocations=97 (full 0):
 garbage-first heap   total 281600K, used 228221K [0x0000000080000000, 0x0000000100000000)
  region size 1024K, 3 young (3072K), 3 survivors (3072K)
 Metaspace       used 119466K, capacity 122515K, committed 122700K, reserved 1157120K
  class space    used 14549K, capacity 15657K, committed 15692K, reserved 1048576K
}
Event: 1819.276 GC heap before
{Heap before GC invocations=97 (full 0):
 garbage-first heap   total 281600K, used 236413K [0x0000000080000000, 0x0000000100000000)
  region size 1024K, 17 young (17408K), 3 survivors (3072K)
 Metaspace       used 119466K, capacity 122515K, committed 122700K, reserved 1157120K
  class space    used 14549K, capacity 15657K, committed 15692K, reserved 1048576K
}
Event: 1819.285 GC heap after
{Heap after GC invocations=98 (full 0):
 garbage-first heap   total 281600K, used 224578K [0x0000000080000000, 0x0000000100000000)
  region size 1024K, 3 young (3072K), 3 survivors (3072K)
 Metaspace       used 119466K, capacity 122515K, committed 122700K, reserved 1157120K
  class space    used 14549K, capacity 15657K, committed 15692K, reserved 1048576K
}
Event: 1819.384 GC heap before
{Heap before GC invocations=98 (full 0):
 garbage-first heap   total 281600K, used 238914K [0x0000000080000000, 0x0000000100000000)
  region size 1024K, 18 young (18432K), 3 survivors (3072K)
 Metaspace       used 119466K, capacity 122515K, committed 122700K, reserved 1157120K
  class space    used 14549K, capacity 15657K, committed 15692K, reserved 1048576K
}
Event: 1819.395 GC heap after
{Heap after GC invocations=99 (full 0):
 garbage-first heap   total 281600K, used 225520K [0x0000000080000000, 0x0000000100000000)
  region size 1024K, 2 young (2048K), 2 survivors (2048K)
 Metaspace       used 119466K, capacity 122515K, committed 122700K, reserved 1157120K
  class space    used 14549K, capacity 15657K, committed 15692K, reserved 1048576K
}
Event: 1820.017 GC heap before
{Heap before GC invocations=100 (full 0):
 garbage-first heap   total 281600K, used 240880K [0x0000000080000000, 0x0000000100000000)
  region size 1024K, 17 young (17408K), 2 survivors (2048K)
 Metaspace       used 119479K, capacity 122517K, committed 122700K, reserved 1157120K
  class space    used 14549K, capacity 15657K, committed 15692K, reserved 1048576K
}
Event: 1820.022 GC heap after
{Heap after GC invocations=101 (full 0):
 garbage-first heap   total 281600K, used 225981K [0x0000000080000000, 0x0000000100000000)
  region size 1024K, 2 young (2048K), 2 survivors (2048K)
 Metaspace       used 119479K, capacity 122517K, committed 122700K, reserved 1157120K
  class space    used 14549K, capacity 15657K, committed 15692K, reserved 1048576K
}
Event: 1820.291 GC heap before
{Heap before GC invocations=101 (full 0):
 garbage-first heap   total 281600K, used 237245K [0x0000000080000000, 0x0000000100000000)
  region size 1024K, 13 young (13312K), 2 survivors (2048K)
 Metaspace       used 119497K, capacity 122520K, committed 122700K, reserved 1157120K
  class space    used 14550K, capacity 15658K, committed 15692K, reserved 1048576K
}
Event: 1820.349 GC heap after
{Heap after GC invocations=102 (full 0):
 garbage-first heap   total 281600K, used 212597K [0x0000000080000000, 0x0000000100000000)
  region size 1024K, 1 young (1024K), 1 survivors (1024K)
 Metaspace       used 119497K, capacity 122520K, committed 122700K, reserved 1157120K
  class space    used 14550K, capacity 15658K, committed 15692K, reserved 1048576K
}
Event: 1820.548 GC heap before
{Heap before GC invocations=102 (full 0):
 garbage-first heap   total 281600K, used 218741K [0x0000000080000000, 0x0000000100000000)
  region size 1024K, 8 young (8192K), 1 survivors (1024K)
 Metaspace       used 119501K, capacity 122520K, committed 122700K, reserved 1157120K
  class space    used 14550K, capacity 15658K, committed 15692K, reserved 1048576K
}

