# JRE version: OpenJDK Runtime Environment (11.0.8+10) (build 11.0.8+10-b944.6842174)
# Java VM: OpenJDK 64-Bit Server VM (11.0.8+10-b944.6842174, mixed mode, tiered, compressed oops, g1 gc, windows-amd64)
Heap:
 garbage-first heap   total 420864K, used 227780K [0x0000000080000000, 0x0000000100000000)
  region size 1024K, 104 young (106496K), 3 survivors (3072K)
 Metaspace       used 113649K, capacity 116552K, committed 116864K, reserved 1150976K
  class space    used 14163K, capacity 15234K, committed 15360K, reserved 1048576K
GC Heap History (20 events):
Event: 1021.360 GC heap before
{Heap before GC invocations=61 (full 0):
 garbage-first heap   total 420864K, used 212741K [0x0000000080000000, 0x0000000100000000)
  region size 1024K, 21 young (21504K), 20 survivors (20480K)
 Metaspace       used 107707K, capacity 110485K, committed 110592K, reserved 1144832K
  class space    used 13664K, capacity 14702K, committed 14720K, reserved 1048576K
}
Event: 1021.442 GC heap after
{Heap after GC invocations=62 (full 0):
 garbage-first heap   total 420864K, used 182272K [0x0000000080000000, 0x0000000100000000)
  region size 1024K, 2 young (2048K), 2 survivors (2048K)
 Metaspace       used 107707K, capacity 110485K, committed 110592K, reserved 1144832K
  class space    used 13664K, capacity 14702K, committed 14720K, reserved 1048576K
}
Event: 1021.453 GC heap before
{Heap before GC invocations=62 (full 0):
 garbage-first heap   total 420864K, used 183296K [0x0000000080000000, 0x0000000100000000)
  region size 1024K, 4 young (4096K), 2 survivors (2048K)
 Metaspace       used 107707K, capacity 110485K, committed 110592K, reserved 1144832K
  class space    used 13664K, capacity 14702K, committed 14720K, reserved 1048576K
}
Event: 1021.470 GC heap after
{Heap after GC invocations=63 (full 0):
 garbage-first heap   total 420864K, used 181231K [0x0000000080000000, 0x0000000100000000)
  region size 1024K, 1 young (1024K), 1 survivors (1024K)
 Metaspace       used 107707K, capacity 110485K, committed 110592K, reserved 1144832K
  class space    used 13664K, capacity 14702K, committed 14720K, reserved 1048576K
}
Event: 1022.570 GC heap before
{Heap before GC invocations=64 (full 0):
 garbage-first heap   total 420864K, used 347119K [0x0000000080000000, 0x0000000100000000)
  region size 1024K, 131 young (134144K), 1 survivors (1024K)
 Metaspace       used 107718K, capacity 110550K, committed 110592K, reserved 1144832K
  class space    used 13664K, capacity 14702K, committed 14720K, reserved 1048576K
}
Event: 1022.596 GC heap after
{Heap after GC invocations=65 (full 0):
 garbage-first heap   total 420864K, used 228314K [0x0000000080000000, 0x0000000100000000)
  region size 1024K, 16 young (16384K), 16 survivors (16384K)
 Metaspace       used 107718K, capacity 110550K, committed 110592K, reserved 1144832K
  class space    used 13664K, capacity 14702K, committed 14720K, reserved 1048576K
}
Event: 1022.648 GC heap before
{Heap before GC invocations=65 (full 0):
 garbage-first heap   total 420864K, used 232410K [0x0000000080000000, 0x0000000100000000)
  region size 1024K, 20 young (20480K), 16 survivors (16384K)
 Metaspace       used 107721K, capacity 110551K, committed 110592K, reserved 1144832K
  class space    used 13664K, capacity 14702K, committed 14720K, reserved 1048576K
}
Event: 1022.670 GC heap after
{Heap after GC invocations=66 (full 0):
 garbage-first heap   total 420864K, used 226047K [0x0000000080000000, 0x0000000100000000)
  region size 1024K, 1 young (1024K), 1 survivors (1024K)
 Metaspace       used 107721K, capacity 110551K, committed 110592K, reserved 1144832K
  class space    used 13664K, capacity 14702K, committed 14720K, reserved 1048576K
}
Event: 1023.094 GC heap before
{Heap before GC invocations=66 (full 0):
 garbage-first heap   total 420864K, used 245503K [0x0000000080000000, 0x0000000100000000)
  region size 1024K, 21 young (21504K), 1 survivors (1024K)
 Metaspace       used 107756K, capacity 110630K, committed 110848K, reserved 1144832K
  class space    used 13666K, capacity 14706K, committed 14720K, reserved 1048576K
}
Event: 1023.099 GC heap after
{Heap after GC invocations=67 (full 0):
 garbage-first heap   total 420864K, used 225779K [0x0000000080000000, 0x0000000100000000)
  region size 1024K, 1 young (1024K), 1 survivors (1024K)
 Metaspace       used 107756K, capacity 110630K, committed 110848K, reserved 1144832K
  class space    used 13666K, capacity 14706K, committed 14720K, reserved 1048576K
}
Event: 1307.384 GC heap before
{Heap before GC invocations=68 (full 0):
 garbage-first heap   total 420864K, used 316915K [0x0000000080000000, 0x0000000100000000)
  region size 1024K, 110 young (112640K), 1 survivors (1024K)
 Metaspace       used 108745K, capacity 111604K, committed 111744K, reserved 1146880K
  class space    used 13754K, capacity 14789K, committed 14848K, reserved 1048576K
}
Event: 1307.408 GC heap after
{Heap after GC invocations=69 (full 0):
 garbage-first heap   total 420864K, used 196574K [0x0000000080000000, 0x0000000100000000)
  region size 1024K, 14 young (14336K), 14 survivors (14336K)
 Metaspace       used 108745K, capacity 111604K, committed 111744K, reserved 1146880K
  class space    used 13754K, capacity 14789K, committed 14848K, reserved 1048576K
}
Event: 1307.614 GC heap before
{Heap before GC invocations=69 (full 0):
 garbage-first heap   total 420864K, used 202718K [0x0000000080000000, 0x0000000100000000)
  region size 1024K, 20 young (20480K), 14 survivors (14336K)
 Metaspace       used 108942K, capacity 111773K, committed 112000K, reserved 1146880K
  class space    used 13778K, capacity 14824K, committed 14848K, reserved 1048576K
}
Event: 1307.644 GC heap after
{Heap after GC invocations=70 (full 0):
 garbage-first heap   total 420864K, used 175563K [0x0000000080000000, 0x0000000100000000)
  region size 1024K, 3 young (3072K), 3 survivors (3072K)
 Metaspace       used 108942K, capacity 111773K, committed 112000K, reserved 1146880K
  class space    used 13778K, capacity 14824K, committed 14848K, reserved 1048576K
}
Event: 1307.984 GC heap before
{Heap before GC invocations=70 (full 0):
 garbage-first heap   total 420864K, used 187851K [0x0000000080000000, 0x0000000100000000)
  region size 1024K, 17 young (17408K), 3 survivors (3072K)
 Metaspace       used 109249K, capacity 112041K, committed 112256K, reserved 1146880K
  class space    used 13802K, capacity 14826K, committed 14848K, reserved 1048576K
}
Event: 1307.999 GC heap after
{Heap after GC invocations=71 (full 0):
 garbage-first heap   total 420864K, used 177970K [0x0000000080000000, 0x0000000100000000)
  region size 1024K, 6 young (6144K), 6 survivors (6144K)
 Metaspace       used 109249K, capacity 112041K, committed 112256K, reserved 1146880K
  class space    used 13802K, capacity 14826K, committed 14848K, reserved 1048576K
}
Event: 1312.855 GC heap before
{Heap before GC invocations=72 (full 0):
 garbage-first heap   total 420864K, used 267058K [0x0000000080000000, 0x0000000100000000)
  region size 1024K, 110 young (112640K), 6 survivors (6144K)
 Metaspace       used 112604K, capacity 115410K, committed 115584K, reserved 1150976K
  class space    used 14068K, capacity 15091K, committed 15104K, reserved 1048576K
}
Event: 1312.883 GC heap after
{Heap after GC invocations=73 (full 0):
 garbage-first heap   total 420864K, used 141518K [0x0000000080000000, 0x0000000100000000)
  region size 1024K, 11 young (11264K), 11 survivors (11264K)
 Metaspace       used 112604K, capacity 115410K, committed 115584K, reserved 1150976K
  class space    used 14068K, capacity 15091K, committed 15104K, reserved 1048576K
}
Event: 1313.017 GC heap before
{Heap before GC invocations=73 (full 0):
 garbage-first heap   total 420864K, used 150734K [0x0000000080000000, 0x0000000100000000)
  region size 1024K, 20 young (20480K), 11 survivors (11264K)
 Metaspace       used 112906K, capacity 115762K, committed 115968K, reserved 1150976K
  class space    used 14092K, capacity 15123K, committed 15232K, reserved 1048576K
}
Event: 1313.042 GC heap after
{Heap after GC invocations=74 (full 0):
 garbage-first heap   total 420864K, used 126404K [0x0000000080000000, 0x0000000100000000)
  region size 1024K, 3 young (3072K), 3 survivors (3072K)
 Metaspace       used 112906K, capacity 115762K, committed 115968K, reserved 1150976K
  class space    used 14092K, capacity 15123K, committed 15232K, reserved 1048576K
}

