# JRE version: OpenJDK Runtime Environment (11.0.8+10) (build 11.0.8+10-b944.6842174)
# Java VM: OpenJDK 64-Bit Server VM (11.0.8+10-b944.6842174, mixed mode, tiered, compressed oops, g1 gc, windows-amd64)
Heap:
 garbage-first heap   total 293888K, used 236391K [0x0000000080000000, 0x0000000100000000)
  region size 1024K, 11 young (11264K), 1 survivors (1024K)
 Metaspace       used 109158K, capacity 112031K, committed 112204K, reserved 1146880K
  class space    used 13813K, capacity 14841K, committed 14924K, reserved 1048576K
GC Heap History (20 events):
Event: 746.775 GC heap before
{Heap before GC invocations=92 (full 0):
 garbage-first heap   total 244736K, used 188241K [0x0000000080000000, 0x0000000100000000)
  region size 1024K, 3 young (3072K), 2 survivors (2048K)
 Metaspace       used 108809K, capacity 111698K, committed 111948K, reserved 1146880K
  class space    used 13808K, capacity 14833K, committed 14924K, reserved 1048576K
}
Event: 746.785 GC heap after
{Heap after GC invocations=93 (full 0):
 garbage-first heap   total 244736K, used 189077K [0x0000000080000000, 0x0000000100000000)
  region size 1024K, 1 young (1024K), 1 survivors (1024K)
 Metaspace       used 108809K, capacity 111698K, committed 111948K, reserved 1146880K
  class space    used 13808K, capacity 14833K, committed 14924K, reserved 1048576K
}
Event: 747.746 GC heap before
{Heap before GC invocations=93 (full 0):
 garbage-first heap   total 244736K, used 208533K [0x0000000080000000, 0x0000000100000000)
  region size 1024K, 12 young (12288K), 1 survivors (1024K)
 Metaspace       used 108894K, capacity 111777K, committed 111948K, reserved 1146880K
  class space    used 13808K, capacity 14833K, committed 14924K, reserved 1048576K
}
Event: 747.765 GC heap after
{Heap after GC invocations=94 (full 0):
 garbage-first heap   total 244736K, used 198613K [0x0000000080000000, 0x0000000100000000)
  region size 1024K, 2 young (2048K), 2 survivors (2048K)
 Metaspace       used 108894K, capacity 111777K, committed 111948K, reserved 1146880K
  class space    used 13808K, capacity 14833K, committed 14924K, reserved 1048576K
}
Event: 749.380 GC heap before
{Heap before GC invocations=95 (full 0):
 garbage-first heap   total 244736K, used 216021K [0x0000000080000000, 0x0000000100000000)
  region size 1024K, 11 young (11264K), 2 survivors (2048K)
 Metaspace       used 108945K, capacity 111797K, committed 111948K, reserved 1146880K
  class space    used 13812K, capacity 14839K, committed 14924K, reserved 1048576K
}
Event: 749.388 GC heap after
{Heap after GC invocations=96 (full 0):
 garbage-first heap   total 293888K, used 209805K [0x0000000080000000, 0x0000000100000000)
  region size 1024K, 2 young (2048K), 2 survivors (2048K)
 Metaspace       used 108945K, capacity 111797K, committed 111948K, reserved 1146880K
  class space    used 13812K, capacity 14839K, committed 14924K, reserved 1048576K
}
Event: 749.566 GC heap before
{Heap before GC invocations=96 (full 0):
 garbage-first heap   total 293888K, used 221069K [0x0000000080000000, 0x0000000100000000)
  region size 1024K, 14 young (14336K), 2 survivors (2048K)
 Metaspace       used 108950K, capacity 111797K, committed 111948K, reserved 1146880K
  class space    used 13812K, capacity 14839K, committed 14924K, reserved 1048576K
}
Event: 749.569 GC heap after
{Heap after GC invocations=97 (full 0):
 garbage-first heap   total 293888K, used 210935K [0x0000000080000000, 0x0000000100000000)
  region size 1024K, 2 young (2048K), 2 survivors (2048K)
 Metaspace       used 108950K, capacity 111797K, committed 111948K, reserved 1146880K
  class space    used 13812K, capacity 14839K, committed 14924K, reserved 1048576K
}
Event: 749.570 GC heap before
{Heap before GC invocations=97 (full 0):
 garbage-first heap   total 293888K, used 210935K [0x0000000080000000, 0x0000000100000000)
  region size 1024K, 3 young (3072K), 2 survivors (2048K)
 Metaspace       used 108950K, capacity 111797K, committed 111948K, reserved 1146880K
  class space    used 13812K, capacity 14839K, committed 14924K, reserved 1048576K
}
Event: 749.573 GC heap after
{Heap after GC invocations=98 (full 0):
 garbage-first heap   total 293888K, used 211232K [0x0000000080000000, 0x0000000100000000)
  region size 1024K, 1 young (1024K), 1 survivors (1024K)
 Metaspace       used 108950K, capacity 111797K, committed 111948K, reserved 1146880K
  class space    used 13812K, capacity 14839K, committed 14924K, reserved 1048576K
}
Event: 750.694 GC heap before
{Heap before GC invocations=99 (full 0):
 garbage-first heap   total 293888K, used 234784K [0x0000000080000000, 0x0000000100000000)
  region size 1024K, 20 young (20480K), 1 survivors (1024K)
 Metaspace       used 109010K, capacity 111876K, committed 112204K, reserved 1146880K
  class space    used 13813K, capacity 14841K, committed 14924K, reserved 1048576K
}
Event: 750.703 GC heap after
{Heap after GC invocations=100 (full 0):
 garbage-first heap   total 293888K, used 218214K [0x0000000080000000, 0x0000000100000000)
  region size 1024K, 3 young (3072K), 3 survivors (3072K)
 Metaspace       used 109010K, capacity 111876K, committed 112204K, reserved 1146880K
  class space    used 13813K, capacity 14841K, committed 14924K, reserved 1048576K
}
Event: 750.729 GC heap before
{Heap before GC invocations=100 (full 0):
 garbage-first heap   total 293888K, used 229478K [0x0000000080000000, 0x0000000100000000)
  region size 1024K, 14 young (14336K), 3 survivors (3072K)
 Metaspace       used 109010K, capacity 111876K, committed 112204K, reserved 1146880K
  class space    used 13813K, capacity 14841K, committed 14924K, reserved 1048576K
}
Event: 750.742 GC heap after
{Heap after GC invocations=101 (full 0):
 garbage-first heap   total 293888K, used 212723K [0x0000000080000000, 0x0000000100000000)
  region size 1024K, 2 young (2048K), 2 survivors (2048K)
 Metaspace       used 109010K, capacity 111876K, committed 112204K, reserved 1146880K
  class space    used 13813K, capacity 14841K, committed 14924K, reserved 1048576K
}
Event: 750.801 GC heap before
{Heap before GC invocations=101 (full 0):
 garbage-first heap   total 293888K, used 225011K [0x0000000080000000, 0x0000000100000000)
  region size 1024K, 15 young (15360K), 2 survivors (2048K)
 Metaspace       used 109010K, capacity 111876K, committed 112204K, reserved 1146880K
  class space    used 13813K, capacity 14841K, committed 14924K, reserved 1048576K
}
Event: 750.812 GC heap after
{Heap after GC invocations=102 (full 0):
 garbage-first heap   total 293888K, used 215576K [0x0000000080000000, 0x0000000100000000)
  region size 1024K, 3 young (3072K), 3 survivors (3072K)
 Metaspace       used 109010K, capacity 111876K, committed 112204K, reserved 1146880K
  class space    used 13813K, capacity 14841K, committed 14924K, reserved 1048576K
}
Event: 752.022 GC heap before
{Heap before GC invocations=103 (full 0):
 garbage-first heap   total 293888K, used 246296K [0x0000000080000000, 0x0000000100000000)
  region size 1024K, 23 young (23552K), 3 survivors (3072K)
 Metaspace       used 109092K, capacity 111967K, committed 112204K, reserved 1146880K
  class space    used 13813K, capacity 14841K, committed 14924K, reserved 1048576K
}
Event: 752.033 GC heap after
{Heap after GC invocations=104 (full 0):
 garbage-first heap   total 293888K, used 229298K [0x0000000080000000, 0x0000000100000000)
  region size 1024K, 3 young (3072K), 3 survivors (3072K)
 Metaspace       used 109092K, capacity 111967K, committed 112204K, reserved 1146880K
  class space    used 13813K, capacity 14841K, committed 14924K, reserved 1048576K
}
Event: 752.456 GC heap before
{Heap before GC invocations=104 (full 0):
 garbage-first heap   total 293888K, used 240562K [0x0000000080000000, 0x0000000100000000)
  region size 1024K, 14 young (14336K), 3 survivors (3072K)
 Metaspace       used 109093K, capacity 111967K, committed 112204K, reserved 1146880K
  class space    used 13813K, capacity 14841K, committed 14924K, reserved 1048576K
}
Event: 752.465 GC heap after
{Heap after GC invocations=105 (full 0):
 garbage-first heap   total 293888K, used 228199K [0x0000000080000000, 0x0000000100000000)
  region size 1024K, 1 young (1024K), 1 survivors (1024K)
 Metaspace       used 109093K, capacity 111967K, committed 112204K, reserved 1146880K
  class space    used 13813K, capacity 14841K, committed 14924K, reserved 1048576K
}

