# JRE version: OpenJDK Runtime Environment (11.0.8+10) (build 11.0.8+10-b944.6842174)
# Java VM: OpenJDK 64-Bit Server VM (11.0.8+10-b944.6842174, mixed mode, tiered, compressed oops, g1 gc, windows-amd64)
Heap:
 garbage-first heap   total 612352K, used 213248K [0x0000000080000000, 0x0000000100000000)
  region size 1024K, 5 young (5120K), 5 survivors (5120K)
 Metaspace       used 106701K, capacity 109287K, committed 110404K, reserved 1144832K
  class space    used 13602K, capacity 14562K, committed 14976K, reserved 1048576K
GC Heap History (20 events):
Event: 28.810 GC heap after
{Heap after GC invocations=30 (full 0):
 garbage-first heap   total 235520K, used 150528K [0x0000000080000000, 0x0000000100000000)
  region size 1024K, 2 young (2048K), 2 survivors (2048K)
 Metaspace       used 106158K, capacity 109112K, committed 109252K, reserved 1144832K
  class space    used 13640K, capacity 14757K, committed 14848K, reserved 1048576K
}
Event: 29.103 GC heap before
{Heap before GC invocations=30 (full 0):
 garbage-first heap   total 235520K, used 156672K [0x0000000080000000, 0x0000000100000000)
  region size 1024K, 11 young (11264K), 2 survivors (2048K)
 Metaspace       used 106321K, capacity 108876K, committed 109892K, reserved 1144832K
  class space    used 13599K, capacity 14561K, committed 14976K, reserved 1048576K
}
Event: 29.119 GC heap after
{Heap after GC invocations=31 (full 0):
 garbage-first heap   total 235520K, used 151747K [0x0000000080000000, 0x0000000100000000)
  region size 1024K, 2 young (2048K), 2 survivors (2048K)
 Metaspace       used 106321K, capacity 108876K, committed 109892K, reserved 1144832K
  class space    used 13599K, capacity 14561K, committed 14976K, reserved 1048576K
}
Event: 29.313 GC heap before
{Heap before GC invocations=32 (full 0):
 garbage-first heap   total 235520K, used 160963K [0x0000000080000000, 0x0000000100000000)
  region size 1024K, 11 young (11264K), 2 survivors (2048K)
 Metaspace       used 106415K, capacity 109071K, committed 110148K, reserved 1144832K
  class space    used 13599K, capacity 14561K, committed 14976K, reserved 1048576K
}
Event: 29.329 GC heap after
{Heap after GC invocations=33 (full 0):
 garbage-first heap   total 235520K, used 157476K [0x0000000080000000, 0x0000000100000000)
  region size 1024K, 2 young (2048K), 2 survivors (2048K)
 Metaspace       used 106415K, capacity 109071K, committed 110148K, reserved 1144832K
  class space    used 13599K, capacity 14561K, committed 14976K, reserved 1048576K
}
Event: 29.400 GC heap before
{Heap before GC invocations=33 (full 0):
 garbage-first heap   total 235520K, used 166692K [0x0000000080000000, 0x0000000100000000)
  region size 1024K, 11 young (11264K), 2 survivors (2048K)
 Metaspace       used 106430K, capacity 109071K, committed 110148K, reserved 1144832K
  class space    used 13599K, capacity 14561K, committed 14976K, reserved 1048576K
}
Event: 29.415 GC heap after
{Heap after GC invocations=34 (full 0):
 garbage-first heap   total 235520K, used 154624K [0x0000000080000000, 0x0000000100000000)
  region size 1024K, 2 young (2048K), 2 survivors (2048K)
 Metaspace       used 106430K, capacity 109071K, committed 110148K, reserved 1144832K
  class space    used 13599K, capacity 14561K, committed 14976K, reserved 1048576K
}
Event: 29.516 GC heap before
{Heap before GC invocations=34 (full 0):
 garbage-first heap   total 235520K, used 162816K [0x0000000080000000, 0x0000000100000000)
  region size 1024K, 11 young (11264K), 2 survivors (2048K)
 Metaspace       used 106443K, capacity 109073K, committed 110148K, reserved 1144832K
  class space    used 13599K, capacity 14561K, committed 14976K, reserved 1048576K
}
Event: 29.541 GC heap after
{Heap after GC invocations=35 (full 0):
 garbage-first heap   total 235520K, used 152418K [0x0000000080000000, 0x0000000100000000)
  region size 1024K, 2 young (2048K), 2 survivors (2048K)
 Metaspace       used 106443K, capacity 109073K, committed 110148K, reserved 1144832K
  class space    used 13599K, capacity 14561K, committed 14976K, reserved 1048576K
}
Event: 29.617 GC heap before
{Heap before GC invocations=35 (full 0):
 garbage-first heap   total 235520K, used 161634K [0x0000000080000000, 0x0000000100000000)
  region size 1024K, 11 young (11264K), 2 survivors (2048K)
 Metaspace       used 106451K, capacity 109073K, committed 110148K, reserved 1144832K
  class space    used 13599K, capacity 14561K, committed 14976K, reserved 1048576K
}
Event: 29.637 GC heap after
{Heap after GC invocations=36 (full 0):
 garbage-first heap   total 235520K, used 157565K [0x0000000080000000, 0x0000000100000000)
  region size 1024K, 2 young (2048K), 2 survivors (2048K)
 Metaspace       used 106451K, capacity 109073K, committed 110148K, reserved 1144832K
  class space    used 13599K, capacity 14561K, committed 14976K, reserved 1048576K
}
Event: 29.807 GC heap before
{Heap before GC invocations=36 (full 0):
 garbage-first heap   total 235520K, used 180093K [0x0000000080000000, 0x0000000100000000)
  region size 1024K, 24 young (24576K), 2 survivors (2048K)
 Metaspace       used 106500K, capacity 109137K, committed 110148K, reserved 1144832K
  class space    used 13600K, capacity 14561K, committed 14976K, reserved 1048576K
}
Event: 29.835 GC heap after
{Heap after GC invocations=37 (full 0):
 garbage-first heap   total 306176K, used 171283K [0x0000000080000000, 0x0000000100000000)
  region size 1024K, 3 young (3072K), 3 survivors (3072K)
 Metaspace       used 106500K, capacity 109137K, committed 110148K, reserved 1144832K
  class space    used 13600K, capacity 14561K, committed 14976K, reserved 1048576K
}
Event: 30.187 GC heap before
{Heap before GC invocations=37 (full 0):
 garbage-first heap   total 306176K, used 195859K [0x0000000080000000, 0x0000000100000000)
  region size 1024K, 25 young (25600K), 3 survivors (3072K)
 Metaspace       used 106583K, capacity 109216K, committed 110148K, reserved 1144832K
  class space    used 13602K, capacity 14563K, committed 14976K, reserved 1048576K
}
Event: 30.211 GC heap after
{Heap after GC invocations=38 (full 0):
 garbage-first heap   total 306176K, used 180720K [0x0000000080000000, 0x0000000100000000)
  region size 1024K, 4 young (4096K), 4 survivors (4096K)
 Metaspace       used 106583K, capacity 109216K, committed 110148K, reserved 1144832K
  class space    used 13602K, capacity 14563K, committed 14976K, reserved 1048576K
}
Event: 30.808 GC heap before
{Heap before GC invocations=39 (full 0):
 garbage-first heap   total 306176K, used 204272K [0x0000000080000000, 0x0000000100000000)
  region size 1024K, 28 young (28672K), 4 survivors (4096K)
 Metaspace       used 106644K, capacity 109217K, committed 110148K, reserved 1144832K
  class space    used 13601K, capacity 14562K, committed 14976K, reserved 1048576K
}
Event: 30.839 GC heap after
{Heap after GC invocations=40 (full 0):
 garbage-first heap   total 306176K, used 188416K [0x0000000080000000, 0x0000000100000000)
  region size 1024K, 4 young (4096K), 4 survivors (4096K)
 Metaspace       used 106644K, capacity 109217K, committed 110148K, reserved 1144832K
  class space    used 13601K, capacity 14562K, committed 14976K, reserved 1048576K
}
Event: 30.962 GC heap before
{Heap before GC invocations=40 (full 0):
 garbage-first heap   total 306176K, used 198656K [0x0000000080000000, 0x0000000100000000)
  region size 1024K, 14 young (14336K), 4 survivors (4096K)
 Metaspace       used 106649K, capacity 109217K, committed 110148K, reserved 1144832K
  class space    used 13602K, capacity 14562K, committed 14976K, reserved 1048576K
}
Event: 30.990 GC heap after
{Heap after GC invocations=41 (full 0):
 garbage-first heap   total 306176K, used 189122K [0x0000000080000000, 0x0000000100000000)
  region size 1024K, 2 young (2048K), 2 survivors (2048K)
 Metaspace       used 106649K, capacity 109217K, committed 110148K, reserved 1144832K
  class space    used 13602K, capacity 14562K, committed 14976K, reserved 1048576K
}
Event: 31.737 GC heap before
{Heap before GC invocations=41 (full 0):
 garbage-first heap   total 306176K, used 241346K [0x0000000080000000, 0x0000000100000000)
  region size 1024K, 35 young (35840K), 2 survivors (2048K)
 Metaspace       used 106701K, capacity 109287K, committed 110404K, reserved 1144832K
  class space    used 13602K, capacity 14562K, committed 14976K, reserved 1048576K
}

